<?xml version="1.0" encoding="UTF-8"?>
<!-- Generated by org.testng.reporters.JUnitReportReporter -->
<testsuite hostname="PC" failures="0" tests="1" name="qaclickacademy.ExtendReportDemo" time="7.240" errors="0" timestamp="2021-08-30T10:58:32 PET" skipped="0">
  <testcase classname="qaclickacademy.ExtendReportDemo" name="initialDemo" time="7.240"/>
  <system-out/>
</testsuite> <!-- qaclickacademy.ExtendReportDemo -->
